2018/04/04 19:46:21.265 [ INFO] main (Log.java) - Webdriver path: /Users/rajag/Projects/Amazon/com.alation.amazon/src/main/resources/Drivers/
2018/04/04 19:46:35.558 [ INFO] main (Browser.java) - Starting Firefox browser... 
2018/04/04 19:46:45.039 [ INFO] main (Log.java) - Navigated Successfully to the URL : https://www.amazon.com/
2018/04/04 19:46:46.132 [ INFO] main (Log.java) - Successfully selected the search criteria : Books
2018/04/04 19:46:46.275 [ INFO] main (Log.java) - Successfully cleared the texts in the Element : 
2018/04/04 19:46:46.372 [ INFO] main (Log.java) - Successfully cleared the entered in the Element : 
2018/04/04 19:46:46.397 [ INFO] main (Log.java) - Successfully Clicked the Button Element : 
2018/04/04 19:46:49.505 [ INFO] main (Log.java) - Page Title is : Amazon.com: Data Catalog: Books
2018/04/04 19:46:49.622 [ INFO] main (Log.java) - Text from the application is : Books
2018/04/04 19:46:49.696 [ INFO] main (Log.java) - Text from the application is : Catalog It!: A Guide to Cataloging School Library Materials, 3rd Edition
2018/04/04 19:46:49.759 [ INFO] main (Log.java) - Text from the application is : Allison G. Kaplan
2018/04/04 19:46:49.860 [ INFO] main (Log.java) - Text from the application is : Paperback
2018/04/04 19:46:49.963 [ INFO] main (Log.java) - Text from the application is : $ 60 00
2018/04/04 19:46:50.059 [ INFO] main (Log.java) - Text from the application is : $ 24 01
2018/04/04 19:46:50.157 [ INFO] main (Log.java) - Text from the application is : $ 60 00
2018/04/04 19:46:50.239 [ INFO] main (Log.java) - Text from the application is : Only 17 left in stock - order soon.
2018/04/04 19:46:50.308 [ INFO] main (Log.java) - Text from the application is : Books
2018/04/04 19:46:50.398 [ INFO] main (Log.java) - Text from the application is : Allison G. Kaplan
2018/04/04 19:46:50.472 [ INFO] main (Log.java) - Text from the application is : Paperback
2018/04/04 19:46:50.532 [ INFO] main (Log.java) - Text from the application is : $ 60 00
2018/04/04 19:46:50.627 [ INFO] main (Log.java) - Text from the application is : $ 24 01
2018/04/04 19:46:50.714 [ INFO] main (Log.java) - Text from the application is : $ 60 00
2018/04/04 19:46:50.715 [ INFO] main (Log.java) - End of Test case Execution
2018/04/04 19:47:43.757 [ INFO] main (Log.java) - Webdriver path: /Users/rajag/Projects/Amazon/com.alation.amazon/src/main/resources/Drivers/
2018/04/04 19:47:57.748 [ INFO] main (Browser.java) - Starting Firefox browser... 
2018/04/04 19:48:08.112 [ INFO] main (Log.java) - Navigated Successfully to the URL : https://www.amazon.com/
2018/04/04 19:48:09.080 [ INFO] main (Log.java) - Successfully selected the search criteria : Books
2018/04/04 19:48:09.218 [ INFO] main (Log.java) - Successfully cleared the texts in the Element : 
2018/04/04 19:48:09.305 [ INFO] main (Log.java) - Successfully cleared the entered in the Element : 
2018/04/04 19:48:09.348 [ INFO] main (Log.java) - Successfully Clicked the Button Element : 
2018/04/04 19:48:12.083 [ INFO] main (Log.java) - Page Title is : Amazon.com: Data Catalog: Books
2018/04/04 19:48:13.002 [ INFO] main (Log.java) - End of Test case Execution
2018/04/04 19:51:45.214 [ INFO] main (Log.java) - Webdriver path: /Users/rajag/Projects/Amazon/com.alation.amazon/src/main/resources/Drivers/
2018/04/04 19:51:58.879 [ INFO] main (Browser.java) - Starting Firefox browser... 
2018/04/04 19:52:09.023 [ INFO] main (Log.java) - Navigated Successfully to the URL : https://www.amazon.com/
2018/04/04 19:52:10.004 [ INFO] main (Log.java) - Successfully selected the search criteria : Books
2018/04/04 19:52:10.145 [ INFO] main (Log.java) - Successfully cleared the texts in the Element : 
2018/04/04 19:52:10.212 [ INFO] main (Log.java) - Successfully cleared the entered in the Element : 
2018/04/04 19:52:10.238 [ INFO] main (Log.java) - Successfully Clicked the Button Element : 
2018/04/04 19:52:13.310 [ INFO] main (Log.java) - Page Title is : Amazon.com: Data Catalog: Books
2018/04/04 19:52:14.308 [ INFO] main (Log.java) - **********************  B O O K  I N F O R M A T I O N   **************************
2018/04/04 19:52:14.364 [ INFO] main (Log.java) -  TITLE OF THE FIRST BOOK : Books
2018/04/04 19:52:14.429 [ INFO] main (Log.java) -  NAME OF THE BOOK'S AUTHOR: Allison G. Kaplan
2018/04/04 19:52:14.498 [ INFO] main (Log.java) -  TYPE OF BOOK'S EDITION: Paperback
2018/04/04 19:52:14.570 [ INFO] main (Log.java) -  BOOK'S BUY PRICE: $ 60 00
2018/04/04 19:52:14.621 [ INFO] main (Log.java) -  BOOK'S RENT PRICE: $ 24 01
2018/04/04 19:52:14.668 [ INFO] main (Log.java) -  BOOK'S KINDLE EDITION PRICE: $ 60 00
2018/04/04 19:52:14.668 [ INFO] main (Log.java) - **********************  END OF BOOK  INFORMATION   ********************************
2018/04/04 19:52:14.670 [ INFO] main (Log.java) - End of Test case Execution
2018/04/04 19:53:33.599 [ INFO] main (Log.java) - Webdriver path: /Users/rajag/Projects/Amazon/com.alation.amazon/src/main/resources/Drivers/
2018/04/04 19:53:46.236 [ INFO] main (Browser.java) - Starting Firefox browser... 
2018/04/04 19:53:56.091 [ INFO] main (Log.java) - Navigated Successfully to the URL : https://www.amazon.com/
2018/04/04 19:53:57.108 [ INFO] main (Log.java) - Successfully selected the search criteria : Books
2018/04/04 19:53:57.305 [ INFO] main (Log.java) - Successfully cleared the texts in the Element : 
2018/04/04 19:53:57.408 [ INFO] main (Log.java) - Successfully cleared the entered in the Element : 
2018/04/04 19:53:57.438 [ INFO] main (Log.java) - Successfully Clicked the Button Element : 
2018/04/04 19:54:00.460 [ INFO] main (Log.java) - Page Title is : Amazon.com: Data Catalog: Books
2018/04/04 19:54:01.102 [ INFO] main (Log.java) - **********************  B O O K  I N F O R M A T I O N   **************************
2018/04/04 19:54:01.176 [ INFO] main (Log.java) -  TITLE OF THE FIRST BOOK : Books
2018/04/04 19:54:01.231 [ INFO] main (Log.java) -  NAME OF THE BOOK'S AUTHOR: Allison G. Kaplan
2018/04/04 19:54:01.282 [ INFO] main (Log.java) -  TYPE OF BOOK'S EDITION: Paperback
2018/04/04 19:54:01.343 [ INFO] main (Log.java) -  BOOK'S BUY PRICE: $ 60 00
2018/04/04 19:54:01.391 [ INFO] main (Log.java) -  BOOK'S RENT PRICE: $ 24 01
2018/04/04 19:54:01.450 [ INFO] main (Log.java) -  BOOK'S KINDLE EDITION PRICE: $ 60 00
2018/04/04 19:54:01.450 [ INFO] main (Log.java) - **********************  END OF BOOK  INFORMATION   ********************************
2018/04/04 19:54:01.452 [ INFO] main (Log.java) - End of Test case Execution
2018/04/04 20:19:14.701 [ INFO] main (Log.java) - Webdriver path: /Users/rajag/Projects/Amazon/com.alation.amazon/src/main/resources/Drivers/
2018/04/04 20:19:30.509 [ INFO] main (Browser.java) - Starting Firefox browser... 
2018/04/04 20:19:41.416 [ INFO] main (Log.java) - Navigated Successfully to the URL : https://www.amazon.com/
2018/04/04 20:19:42.455 [ INFO] main (Log.java) - Successfully selected the search criteria : Books
2018/04/04 20:19:42.593 [ INFO] main (Log.java) - Successfully cleared the texts in the Element : 
2018/04/04 20:19:42.668 [ INFO] main (Log.java) - Successfully cleared the entered in the Element : 
2018/04/04 20:19:42.691 [ INFO] main (Log.java) - Successfully Clicked the Button Element : 
2018/04/04 20:19:45.677 [ INFO] main (Log.java) - Page Title is : Amazon.com: Data Catalog: Books
2018/04/04 20:19:46.352 [ INFO] main (Log.java) - **********************  B O O K  I N F O R M A T I O N   **************************
2018/04/04 20:19:46.411 [ INFO] main (Log.java) -  TITLE OF THE FIRST BOOK : Catalog It!: A Guide to Cataloging School Library Materials, 3rd Edition
2018/04/04 20:19:46.464 [ INFO] main (Log.java) -  NAME OF THE BOOK'S AUTHOR: Allison G. Kaplan
2018/04/04 20:19:46.526 [ INFO] main (Log.java) -  TYPE OF BOOK'S EDITION: Paperback
2018/04/04 20:19:46.579 [ INFO] main (Log.java) -  BOOK'S BUY PRICE: $ 60 00
2018/04/04 20:19:46.635 [ INFO] main (Log.java) -  BOOK'S RENT PRICE: $ 24 01
2018/04/04 20:19:46.694 [ INFO] main (Log.java) -  BOOK'S KINDLE EDITION PRICE: $ 60 00
2018/04/04 20:19:46.694 [ INFO] main (Log.java) - **********************  END OF BOOK  INFORMATION   ********************************
2018/04/04 20:19:46.696 [ INFO] main (Log.java) - End of Test case Execution
2018/04/04 20:46:56.705 [ INFO] main (Log.java) - Webdriver path: /Users/rajag/Projects/Amazon/com.alation.amazon/src/main/resources/Drivers/
2018/04/04 20:47:13.073 [ INFO] main (Browser.java) - Starting Firefox browser... 
2018/04/04 20:47:23.677 [ INFO] main (Log.java) - Navigated Successfully to the URL : https://www.amazon.com/
2018/04/04 20:47:24.786 [ INFO] main (Log.java) - Successfully selected the search criteria : Books
2018/04/04 20:47:25.007 [ INFO] main (Log.java) - Successfully cleared the texts in the Element : 
2018/04/04 20:47:25.115 [ INFO] main (Log.java) - Successfully cleared the entered in the Element : 
2018/04/04 20:47:25.133 [ INFO] main (Log.java) - Successfully Clicked the Button Element : 
2018/04/04 20:47:28.766 [ INFO] main (Log.java) - Page Title is : Amazon.com: Data Catalog: Books
2018/04/04 20:47:29.630 [ INFO] main (Log.java) - **********************  B O O K  I N F O R M A T I O N   **************************
2018/04/04 20:47:29.683 [ INFO] main (Log.java) -  TITLE OF THE FIRST BOOK : Catalog It!: A Guide to Cataloging School Library Materials, 3rd Edition
2018/04/04 20:47:29.736 [ INFO] main (Log.java) -  NAME OF THE BOOK'S AUTHOR: Allison G. Kaplan
2018/04/04 20:47:29.793 [ INFO] main (Log.java) -  TYPE OF BOOK'S EDITION: Paperback
2018/04/04 20:47:29.852 [ INFO] main (Log.java) -  BOOK'S BUY PRICE: $ 60 00
2018/04/04 20:47:29.933 [ INFO] main (Log.java) -  BOOK'S RENT PRICE: $ 24 01
2018/04/04 20:47:30.033 [ INFO] main (Log.java) -  BOOK'S KINDLE EDITION PRICE: $ 60 00
2018/04/04 20:47:30.036 [ INFO] main (Log.java) - **********************  END OF BOOK  INFORMATION   ********************************
2018/04/04 20:47:30.040 [ INFO] main (Log.java) - End of Test case Execution
2018/04/04 20:50:25.109 [ INFO] main (Log.java) - Webdriver path: /Users/rajag/Projects/Amazon/com.alation.amazon/src/main/resources/Drivers/
2018/04/04 20:50:39.292 [ INFO] main (Browser.java) - Starting Firefox browser... 
2018/04/04 20:50:48.650 [ INFO] main (Log.java) - Navigated Successfully to the URL : https://www.amazon.com/
2018/04/04 20:50:49.768 [ INFO] main (Log.java) - Successfully selected the search criteria : Books
2018/04/04 20:50:49.992 [ INFO] main (Log.java) - Successfully cleared the texts in the Element : 
2018/04/04 20:50:50.097 [ INFO] main (Log.java) - Successfully cleared the entered in the Element : 
2018/04/04 20:50:50.173 [ INFO] main (Log.java) - Successfully Clicked the Button Element : 
2018/04/04 20:50:53.593 [ INFO] main (Log.java) - Page Title is : Amazon.com: Data catalog: Books
2018/04/04 20:50:53.602 [ INFO] main (Log.java) - End of Test case Execution
2018/04/04 20:51:08.593 [ INFO] main (Log.java) - Webdriver path: /Users/rajag/Projects/Amazon/com.alation.amazon/src/main/resources/Drivers/
2018/04/04 20:51:23.626 [ INFO] main (Browser.java) - Starting Firefox browser... 
2018/04/04 20:51:40.304 [ INFO] main (Log.java) - Navigated Successfully to the URL : https://www.amazon.com/
2018/04/04 20:51:41.900 [ INFO] main (Log.java) - Successfully selected the search criteria : Books
2018/04/04 20:51:42.468 [ INFO] main (Log.java) - Successfully cleared the texts in the Element : 
2018/04/04 20:51:42.661 [ INFO] main (Log.java) - Successfully cleared the entered in the Element : 
2018/04/04 20:51:42.732 [ INFO] main (Log.java) - Successfully Clicked the Button Element : 
2018/04/04 20:51:46.517 [ INFO] main (Log.java) - Page Title is : Amazon.com: Data catalog: Books
2018/04/04 20:51:46.531 [ INFO] main (Log.java) - End of Test case Execution
2018/04/04 20:53:11.597 [ INFO] main (Log.java) - Webdriver path: /Users/rajag/Projects/Amazon/com.alation.amazon/src/main/resources/Drivers/
2018/04/04 20:53:25.762 [ INFO] main (Browser.java) - Starting Firefox browser... 
2018/04/04 20:53:39.342 [ INFO] main (Log.java) - Navigated Successfully to the URL : https://www.amazon.com/
2018/04/04 20:53:40.696 [ INFO] main (Log.java) - Successfully selected the search criteria : Books
2018/04/04 20:53:41.009 [ INFO] main (Log.java) - Successfully cleared the texts in the Element : 
2018/04/04 20:53:41.193 [ INFO] main (Log.java) - Successfully cleared the entered in the Element : 
2018/04/04 20:53:41.264 [ INFO] main (Log.java) - Successfully Clicked the Button Element : 
2018/04/04 20:53:44.492 [ INFO] main (Log.java) - Page Title is : Amazon.com: Data catalog: Books
2018/04/04 20:53:44.508 [ INFO] main (Log.java) - End of Test case Execution
2018/04/04 20:53:58.496 [ INFO] main (Log.java) - Webdriver path: /Users/rajag/Projects/Amazon/com.alation.amazon/src/main/resources/Drivers/
2018/04/04 20:54:13.995 [ INFO] main (Browser.java) - Starting Firefox browser... 
2018/04/04 20:54:36.753 [ INFO] main (Log.java) - Navigated Successfully to the URL : https://www.amazon.com/
2018/04/04 20:54:48.437 [ INFO] main (Log.java) - Successfully selected the search criteria : Books
2018/04/04 20:54:48.585 [ INFO] main (Log.java) - Successfully cleared the texts in the Element : 
2018/04/04 20:54:48.789 [ INFO] main (Log.java) - Successfully cleared the entered in the Element : 
2018/04/04 20:55:07.514 [ INFO] main (Log.java) - Successfully Clicked the Button Element : 
2018/04/04 20:55:13.241 [ INFO] main (Log.java) - Page Title is : Amazon.com: Data catalog: Books
2018/04/04 20:55:13.248 [ INFO] main (Log.java) - End of Test case Execution
2018/04/04 20:55:46.512 [ INFO] main (Log.java) - Webdriver path: /Users/rajag/Projects/Amazon/com.alation.amazon/src/main/resources/Drivers/
2018/04/04 20:56:00.920 [ INFO] main (Browser.java) - Starting Firefox browser... 
2018/04/04 20:56:22.371 [ INFO] main (Log.java) - Navigated Successfully to the URL : https://www.amazon.com/
2018/04/04 20:56:23.602 [ INFO] main (Log.java) - Successfully selected the search criteria : Books
2018/04/04 20:56:25.765 [ INFO] main (Log.java) - Successfully cleared the texts in the Element : 
2018/04/04 20:56:25.941 [ INFO] main (Log.java) - Successfully cleared the entered in the Element : 
2018/04/04 20:56:35.249 [ INFO] main (Log.java) - Successfully Clicked the Button Element : 
2018/04/04 20:57:03.205 [ INFO] main (Log.java) - Page Title is : Amazon.com: Data catalog: Books
2018/04/04 20:57:50.184 [ INFO] main (Log.java) - Webdriver path: /Users/rajag/Projects/Amazon/com.alation.amazon/src/main/resources/Drivers/
2018/04/04 20:58:04.904 [ INFO] main (Browser.java) - Starting Firefox browser... 
2018/04/04 20:58:20.358 [ INFO] main (Log.java) - Navigated Successfully to the URL : https://www.amazon.com/
2018/04/04 20:58:21.595 [ INFO] main (Log.java) - Successfully selected the search criteria : Books
2018/04/04 20:58:23.459 [ INFO] main (Log.java) - Successfully cleared the texts in the Element : 
2018/04/04 20:58:23.725 [ INFO] main (Log.java) - Successfully cleared the entered in the Element : 
2018/04/04 20:58:23.838 [ INFO] main (Log.java) - Successfully Clicked the Button Element : 
2018/04/04 20:58:40.497 [ INFO] main (Log.java) - Page Title is : Amazon.com: Data catalog: Books
2018/04/04 20:59:26.818 [ INFO] main (Log.java) - Page Title is : Amazon.com: Data catalog: Books
2018/04/04 21:00:00.494 [ INFO] main (Log.java) - Webdriver path: /Users/rajag/Projects/Amazon/com.alation.amazon/src/main/resources/Drivers/
2018/04/04 21:00:24.487 [ INFO] main (Browser.java) - Starting Firefox browser... 
2018/04/04 21:00:41.617 [ INFO] main (Log.java) - Navigated Successfully to the URL : https://www.amazon.com/
2018/04/04 21:00:43.336 [ INFO] main (Log.java) - Successfully selected the search criteria : Books
2018/04/04 21:00:44.748 [ INFO] main (Log.java) - Successfully cleared the texts in the Element : 
2018/04/04 21:00:45.049 [ INFO] main (Log.java) - Successfully cleared the entered in the Element : 
2018/04/04 21:00:45.213 [ INFO] main (Log.java) - Successfully Clicked the Button Element : 
2018/04/04 21:00:47.226 [ INFO] main (Log.java) - Page Title is : Amazon.com: Data catalog: Books
2018/04/04 21:00:49.561 [ INFO] main (Log.java) - **********************  B O O K  I N F O R M A T I O N   **************************
2018/04/04 21:00:49.642 [ INFO] main (Log.java) -  TITLE OF THE FIRST BOOK : Catalog It!: A Guide to Cataloging School Library Materials, 3rd Edition
2018/04/04 21:00:49.725 [ INFO] main (Log.java) -  NAME OF THE BOOK'S AUTHOR: Allison G. Kaplan
2018/04/04 21:00:49.813 [ INFO] main (Log.java) -  TYPE OF BOOK'S EDITION: Paperback
2018/04/04 21:00:49.899 [ INFO] main (Log.java) -  BOOK'S BUY PRICE: $ 60 00
2018/04/04 21:00:49.982 [ INFO] main (Log.java) -  BOOK'S RENT PRICE: $ 24 01
2018/04/04 21:00:50.068 [ INFO] main (Log.java) -  BOOK'S KINDLE EDITION PRICE: $ 60 00
2018/04/04 21:00:50.069 [ INFO] main (Log.java) - **********************  END OF BOOK  INFORMATION   ********************************
2018/04/04 21:00:50.081 [ INFO] main (Log.java) - End of Test case Execution
2018/04/04 21:10:23.726 [ INFO] main (Log.java) - Webdriver path: /Users/rajag/Projects/Amazon/com.alation.amazon/src/main/resources/Drivers/
2018/04/04 21:10:49.537 [ INFO] main (Browser.java) - Starting Firefox browser... 
2018/04/04 21:11:03.405 [ INFO] main (Log.java) - Navigated Successfully to the URL : https://www.amazon.com/
2018/04/04 21:11:05.265 [ INFO] main (Log.java) - Successfully selected the search criteria : Books
2018/04/04 21:11:08.438 [ INFO] main (Log.java) - Successfully cleared the texts in the Element : 
2018/04/04 21:11:08.897 [ INFO] main (Log.java) - Successfully cleared the entered in the Element : 
2018/04/04 21:11:09.048 [ INFO] main (Log.java) - Successfully Clicked the Button Element : 
2018/04/04 21:11:14.816 [ INFO] main (Log.java) - **********************  B O O K  I N F O R M A T I O N   **************************
2018/04/04 21:11:14.912 [ INFO] main (Log.java) -  TITLE OF THE FIRST BOOK : Catalog It!: A Guide to Cataloging School Library Materials, 3rd Edition
2018/04/04 21:11:15.006 [ INFO] main (Log.java) -  NAME OF THE BOOK'S AUTHOR: Allison G. Kaplan
2018/04/04 21:11:15.253 [ INFO] main (Log.java) -  TYPE OF BOOK'S EDITION: Paperback
2018/04/04 21:11:15.537 [ INFO] main (Log.java) -  BOOK'S BUY PRICE: $ 60 00
2018/04/04 21:11:15.701 [ INFO] main (Log.java) -  BOOK'S RENT PRICE: $ 24 01
2018/04/04 21:11:15.801 [ INFO] main (Log.java) -  BOOK'S KINDLE EDITION PRICE: $ 60 00
2018/04/04 21:11:15.801 [ INFO] main (Log.java) - **********************  END OF BOOK  INFORMATION   ********************************
2018/04/04 21:11:15.802 [ INFO] main (Log.java) - End of Test case Execution
2018/04/04 21:11:58.190 [ INFO] main (Log.java) - Webdriver path: /Users/rajag/Projects/Amazon/com.alation.amazon/src/main/resources/Drivers/
2018/04/04 21:12:24.587 [ INFO] main (Browser.java) - Starting Firefox browser... 
2018/04/04 21:12:36.393 [ INFO] main (Log.java) - Navigated Successfully to the URL : https://www.amazon.com/
2018/04/04 21:12:38.677 [ INFO] main (Log.java) - Successfully selected the search criteria : Baby
2018/04/04 21:12:39.769 [ INFO] main (Log.java) - Successfully cleared the texts in the Element : 
2018/04/04 21:12:40.093 [ INFO] main (Log.java) - Successfully cleared the entered in the Element : 
2018/04/04 21:12:40.165 [ INFO] main (Log.java) - Successfully Clicked the Button Element : 
2018/04/04 21:12:46.407 [ INFO] main (Log.java) - **********************  B O O K  I N F O R M A T I O N   **************************
2018/04/04 21:12:46.670 [ INFO] main (Log.java) -  TITLE OF THE FIRST BOOK : Catalog It!: A Guide to Cataloging School Library Materials, 3rd Edition
2018/04/04 21:12:46.872 [ INFO] main (Log.java) -  NAME OF THE BOOK'S AUTHOR: Allison G. Kaplan
2018/04/04 21:12:46.942 [ INFO] main (Log.java) -  TYPE OF BOOK'S EDITION: Paperback
2018/04/04 21:12:47.056 [ INFO] main (Log.java) -  BOOK'S BUY PRICE: $ 60 00
2018/04/04 21:12:47.207 [ INFO] main (Log.java) -  BOOK'S RENT PRICE: $ 24 01
2018/04/04 21:12:47.304 [ INFO] main (Log.java) -  BOOK'S KINDLE EDITION PRICE: $ 60 00
2018/04/04 21:12:47.305 [ INFO] main (Log.java) - **********************  END OF BOOK  INFORMATION   ********************************
2018/04/04 21:12:47.305 [ INFO] main (Log.java) - End of Test case Execution
2018/04/04 21:15:58.324 [ INFO] main (Log.java) - Webdriver path: /Users/rajag/Projects/Amazon/com.alation.amazon/src/main/resources/Drivers/
2018/04/04 21:16:02.839 [ INFO] main (Browser.java) - Starting Chrome browser... 
2018/04/04 21:16:15.535 [ INFO] main (Log.java) - Navigated Successfully to the URL : https://www.amazon.com/
2018/04/04 21:16:16.725 [ INFO] main (Log.java) - Successfully selected the search criteria : Books
2018/04/04 21:16:18.384 [ INFO] main (Log.java) - Successfully cleared the texts in the Element : 
2018/04/04 21:16:22.007 [ INFO] main (Log.java) - Successfully cleared the entered in the Element : 
2018/04/04 21:16:22.273 [ INFO] main (Log.java) - Successfully Clicked the Button Element : 
2018/04/04 21:16:27.996 [ INFO] main (Log.java) - **********************  B O O K  I N F O R M A T I O N   **************************
2018/04/04 21:16:28.138 [ INFO] main (Log.java) -  TITLE OF THE FIRST BOOK : Catalog It!: A Guide to Cataloging School Library Materials, 3rd Edition
2018/04/04 21:16:28.247 [ INFO] main (Log.java) -  NAME OF THE BOOK'S AUTHOR: Allison G. Kaplan
2018/04/04 21:16:28.323 [ INFO] main (Log.java) -  TYPE OF BOOK'S EDITION: Paperback
2018/04/04 21:16:28.397 [ INFO] main (Log.java) -  BOOK'S BUY PRICE: $ 60 00
2018/04/04 21:16:28.495 [ INFO] main (Log.java) -  BOOK'S RENT PRICE: $ 24 01
2018/04/04 21:16:28.565 [ INFO] main (Log.java) -  BOOK'S KINDLE EDITION PRICE: $ 60 00
2018/04/04 21:16:28.566 [ INFO] main (Log.java) - **********************  END OF BOOK  INFORMATION   ********************************
2018/04/04 21:16:28.567 [ INFO] main (Log.java) - End of Test case Execution
2018/04/04 21:41:29.382 [ INFO] main (Log.java) - Webdriver path: /Users/rajag/Projects/Amazon/com.alation.amazon/src/main/resources/Drivers/
2018/04/04 21:41:32.906 [ INFO] main (Browser.java) - Starting Chrome browser... 
2018/04/04 21:41:47.753 [ INFO] main (Log.java) - Navigated Successfully to the URL : https://www.amazon.com/
2018/04/04 21:41:50.179 [ INFO] main (Log.java) - Successfully selected the search criteria : Books
2018/04/04 21:41:51.572 [ INFO] main (Log.java) - Successfully cleared the texts in the Element : 
2018/04/04 21:41:52.116 [ INFO] main (Log.java) - Successfully cleared the entered in the Element : 
2018/04/04 21:41:52.230 [ INFO] main (Log.java) - Successfully Clicked the Button Element : 
2018/04/04 21:41:56.407 [ INFO] main (Log.java) - **********************  B O O K  I N F O R M A T I O N   **************************
2018/04/04 21:41:56.478 [ INFO] main (Log.java) -  TITLE OF THE FIRST BOOK : Catalog It!: A Guide to Cataloging School Library Materials, 3rd Edition
2018/04/04 21:41:56.547 [ INFO] main (Log.java) -  NAME OF THE BOOK'S AUTHOR: Allison G. Kaplan
2018/04/04 21:41:56.614 [ INFO] main (Log.java) -  TYPE OF BOOK'S EDITION: Paperback
2018/04/04 21:41:56.675 [ INFO] main (Log.java) -  BOOK'S BUY PRICE: $ 60 00
2018/04/04 21:41:56.738 [ INFO] main (Log.java) -  BOOK'S RENT PRICE: $ 24 01
2018/04/04 21:41:56.817 [ INFO] main (Log.java) -  BOOK'S KINDLE EDITION PRICE: $ 60 00
2018/04/04 21:41:56.818 [ INFO] main (Log.java) - **********************  END OF BOOK  INFORMATION   ********************************
2018/04/04 21:41:56.818 [ INFO] main (Log.java) - End of Test case Execution
2018/04/04 21:41:57.563 [ INFO] main (Log.java) - Start of Test caseLogin and verification of Data catalog books in Books Category
2018/04/04 21:42:00.006 [ INFO] main (Log.java) - Navigated Successfully to the URL : https://www.amazon.com/
2018/04/04 21:42:03.195 [ INFO] main (Log.java) - Navigated Successfully to the URL : https://www.amazon.com/
2018/04/04 21:42:03.753 [ INFO] main (Log.java) - Successfully Clicked the Button Element : Hello. Sign in
2018/04/04 21:42:05.098 [ INFO] main (Log.java) - Page Title is : Amazon Sign In
2018/04/04 21:42:05.479 [ INFO] main (Log.java) - Successfully cleared the texts in the Element : 
2018/04/04 21:42:05.801 [ INFO] main (Log.java) - Successfully cleared the entered in the Element : 
2018/04/04 21:42:05.840 [ INFO] main (Log.java) - Successfully Clicked the Button Element : Continue
2018/04/04 21:42:07.256 [ INFO] main (Log.java) - Successfully cleared the texts in the Element : 
2018/04/04 21:42:07.463 [ INFO] main (Log.java) - Successfully cleared the entered in the Element : 
2018/04/04 21:42:07.511 [ INFO] main (Log.java) - Successfully Clicked the Button Element : Sign in
2018/04/04 21:42:07.640 [ERROR] main (Log.java) - Retry Clicking the button...Sign in
2018/04/04 21:44:10.025 [ INFO] main (Log.java) - Webdriver path: /Users/rajag/Projects/Amazon/com.alation.amazon/src/main/resources/Drivers/
2018/04/04 21:44:12.671 [ INFO] main (Browser.java) - Starting Chrome browser... 
2018/04/04 21:44:18.470 [ INFO] main (Log.java) - Start of Test caseLogin and verification of Data catalog books in Books Category
2018/04/04 21:44:22.895 [ INFO] main (Log.java) - Navigated Successfully to the URL : https://www.amazon.com/
2018/04/04 21:44:26.517 [ INFO] main (Log.java) - Navigated Successfully to the URL : https://www.amazon.com/
2018/04/04 21:44:26.591 [ INFO] main (Log.java) - Successfully Clicked the Button Element : Hello. Sign in
2018/04/04 21:44:29.005 [ INFO] main (Log.java) - Page Title is : Amazon Sign In
2018/04/04 21:44:29.256 [ INFO] main (Log.java) - Successfully cleared the texts in the Element : 
2018/04/04 21:44:29.573 [ INFO] main (Log.java) - Successfully cleared the entered in the Element : 
2018/04/04 21:44:29.625 [ INFO] main (Log.java) - Successfully Clicked the Button Element : Continue
2018/04/04 21:44:31.067 [ INFO] main (Log.java) - Successfully cleared the texts in the Element : 
2018/04/04 21:44:31.237 [ INFO] main (Log.java) - Successfully cleared the entered in the Element : 
2018/04/04 21:44:31.298 [ERROR] main (Log.java) - org.openqa.selenium.NoSuchElementException: no such element: Unable to locate element: {"method":"css selector","selector":"a-button-text"}
  (Session info: chrome=65.0.3325.181)
  (Driver info: chromedriver=2.37.543654 (a46b62e9900f5ac48951f8ad68d9e03eded4cc8d),platform=Mac OS X 10.12.6 x86_64) (WARNING: The server did not provide any stacktrace information)
Command duration or timeout: 0 milliseconds
For documentation on this error, please visit: http://seleniumhq.org/exceptions/no_such_element.html
Build info: version: '3.5.1', revision: '9c21bb67ef', time: '2017-08-17T15:26:08.955Z'
System info: host: 'MacBook-Air.local', ip: 'fe80:0:0:0:85c:ce98:bdf5:dfc4%en0', os.name: 'Mac OS X', os.arch: 'x86_64', os.version: '10.12.6', java.version: '1.8.0_121'
Driver info: org.openqa.selenium.chrome.ChromeDriver
Capabilities [{mobileEmulationEnabled=false, hasTouchScreen=false, platform=MAC, acceptSslCerts=false, acceptInsecureCerts=false, webStorageEnabled=true, browserName=chrome, takesScreenshot=true, javascriptEnabled=true, setWindowRect=true, unexpectedAlertBehaviour=, applicationCacheEnabled=false, rotatable=false, networkConnectionEnabled=false, chrome={chromedriverVersion=2.37.543654 (a46b62e9900f5ac48951f8ad68d9e03eded4cc8d), userDataDir=/var/folders/70/zd28hvvn5czb5_94n824dyww0000gq/T/.org.chromium.Chromium.qzMg6y}, takesHeapSnapshot=true, pageLoadStrategy=normal, unhandledPromptBehavior=, databaseEnabled=false, handlesAlerts=true, version=65.0.3325.181, browserConnectionEnabled=false, nativeEvents=true, locationContextEnabled=true, cssSelectorsEnabled=true}]
Session ID: df17086078f2a696eae7b4dcbf4cd14c
*** Element info: {Using=css selector, value=a-button-text}
2018/04/04 21:44:31.299 [ERROR] main (Log.java) - No Button Element : By.cssSelector: a-button-text
2018/04/04 21:45:59.578 [ INFO] main (Log.java) - Webdriver path: /Users/rajag/Projects/Amazon/com.alation.amazon/src/main/resources/Drivers/
2018/04/04 21:46:03.277 [ INFO] main (Browser.java) - Starting Chrome browser... 
2018/04/04 21:46:09.118 [ INFO] main (Log.java) - Start of Test caseLogin and verification of Data catalog books in Books Category
2018/04/04 21:46:13.900 [ INFO] main (Log.java) - Navigated Successfully to the URL : https://www.amazon.com/
2018/04/04 21:46:17.493 [ INFO] main (Log.java) - Navigated Successfully to the URL : https://www.amazon.com/
2018/04/04 21:46:17.612 [ INFO] main (Log.java) - Successfully Clicked the Button Element : Hello. Sign in
2018/04/04 21:46:19.845 [ INFO] main (Log.java) - Page Title is : Amazon Sign In
2018/04/04 21:46:20.182 [ INFO] main (Log.java) - Successfully cleared the texts in the Element : 
2018/04/04 21:46:20.549 [ INFO] main (Log.java) - Successfully cleared the entered in the Element : 
2018/04/04 21:46:20.602 [ INFO] main (Log.java) - Successfully Clicked the Button Element : Continue
2018/04/04 21:46:22.255 [ INFO] main (Log.java) - Successfully cleared the texts in the Element : 
2018/04/04 21:46:22.465 [ INFO] main (Log.java) - Successfully cleared the entered in the Element : 
2018/04/04 21:46:22.515 [ INFO] main (Log.java) - Successfully Clicked the Button Element : Sign in
2018/04/04 21:46:29.130 [ INFO] main (Log.java) - Successfully selected the search criteria : Books
2018/04/04 21:46:30.819 [ INFO] main (Log.java) - Successfully cleared the texts in the Element : 
2018/04/04 21:46:31.840 [ INFO] main (Log.java) - Successfully cleared the entered in the Element : 
2018/04/04 21:46:31.886 [ INFO] main (Log.java) - Successfully Clicked the Button Element : 
2018/04/04 21:46:37.433 [ INFO] main (Log.java) - **********************  B O O K  I N F O R M A T I O N   **************************
2018/04/04 21:46:37.528 [ INFO] main (Log.java) -  TITLE OF THE FIRST BOOK : Catalog It!: A Guide to Cataloging School Library Materials, 3rd Edition
2018/04/04 21:46:37.660 [ INFO] main (Log.java) -  NAME OF THE BOOK'S AUTHOR: Allison G. Kaplan
2018/04/04 21:46:37.725 [ INFO] main (Log.java) -  TYPE OF BOOK'S EDITION: Paperback
2018/04/04 21:46:37.803 [ INFO] main (Log.java) -  BOOK'S BUY PRICE: $ 60 00
2018/04/04 21:46:37.865 [ INFO] main (Log.java) -  BOOK'S RENT PRICE: $ 24 01
2018/04/04 21:46:37.979 [ INFO] main (Log.java) -  BOOK'S KINDLE EDITION PRICE: $ 60 00
2018/04/04 21:46:37.980 [ INFO] main (Log.java) - **********************  END OF BOOK  INFORMATION   ********************************
2018/04/04 21:53:34.006 [ INFO] main (Log.java) - Webdriver path: /Users/rajag/Projects/Amazon/com.alation.amazon/src/main/resources/Drivers/
2018/04/04 21:53:37.135 [ INFO] main (Browser.java) - Starting Chrome browser... 
2018/04/04 21:53:45.305 [ INFO] main (Log.java) - Navigated Successfully to the URL : https://www.amazon.com/
2018/04/04 21:53:46.842 [ INFO] main (Log.java) - Start of Test caseLogin and verification of Data catalog books in Books Category
2018/04/04 21:53:46.880 [ERROR] main (Log.java) - FAILURE: URL did not load: https://www.amazon.com/
2018/04/04 21:53:57.062 [ INFO] main (Log.java) - Webdriver path: /Users/rajag/Projects/Amazon/com.alation.amazon/src/main/resources/Drivers/
2018/04/04 21:53:59.769 [ INFO] main (Browser.java) - Starting Chrome browser... 
2018/04/04 21:54:10.810 [ INFO] main (Log.java) - Navigated Successfully to the URL : https://www.amazon.com/
2018/04/04 21:54:12.292 [ INFO] main (Log.java) - Successfully selected the search criteria : Books
2018/04/04 21:54:15.452 [ INFO] main (Log.java) - Successfully cleared the texts in the Element : 
2018/04/04 21:54:16.081 [ INFO] main (Log.java) - Successfully cleared the entered in the Element : 
2018/04/04 21:54:16.255 [ INFO] main (Log.java) - Successfully Clicked the Button Element : 
2018/04/04 21:54:20.377 [ INFO] main (Log.java) - **********************  B O O K  I N F O R M A T I O N   **************************
2018/04/04 21:54:20.430 [ INFO] main (Log.java) -  TITLE OF THE FIRST BOOK : Catalog It!: A Guide to Cataloging School Library Materials, 3rd Edition
2018/04/04 21:54:20.491 [ INFO] main (Log.java) -  NAME OF THE BOOK'S AUTHOR: Allison G. Kaplan
2018/04/04 21:54:20.547 [ INFO] main (Log.java) -  TYPE OF BOOK'S EDITION: Paperback
2018/04/04 21:54:20.601 [ INFO] main (Log.java) -  BOOK'S BUY PRICE: $ 60 00
2018/04/04 21:54:20.668 [ INFO] main (Log.java) -  BOOK'S RENT PRICE: $ 24 01
2018/04/04 21:54:20.720 [ INFO] main (Log.java) -  BOOK'S KINDLE EDITION PRICE: $ 60 00
2018/04/04 21:54:20.720 [ INFO] main (Log.java) - **********************  END OF BOOK  INFORMATION   ********************************
2018/04/04 21:54:20.721 [ INFO] main (Log.java) - End of Test case Execution
2018/04/04 21:54:21.189 [ INFO] main (Log.java) - Start of Test caseLogin and verification of Data catalog books in Books Category
2018/04/04 21:54:25.616 [ INFO] main (Log.java) - Navigated Successfully to the URL : https://www.amazon.com/
2018/04/04 21:54:27.889 [ INFO] main (Log.java) - Navigated Successfully to the URL : https://www.amazon.com/
2018/04/04 21:54:27.942 [ INFO] main (Log.java) - Successfully Clicked the Button Element : Hello. Sign in
2018/04/04 21:54:29.774 [ INFO] main (Log.java) - Page Title is : Amazon Sign In
2018/04/04 21:54:30.057 [ INFO] main (Log.java) - Successfully cleared the texts in the Element : 
2018/04/04 21:54:30.356 [ INFO] main (Log.java) - Successfully cleared the entered in the Element : 
2018/04/04 21:54:30.402 [ INFO] main (Log.java) - Successfully Clicked the Button Element : Continue
2018/04/04 21:54:32.239 [ INFO] main (Log.java) - Successfully cleared the texts in the Element : 
2018/04/04 21:54:32.417 [ INFO] main (Log.java) - Successfully cleared the entered in the Element : 
2018/04/04 21:54:32.464 [ INFO] main (Log.java) - Successfully Clicked the Button Element : Sign in
2018/04/04 21:54:39.241 [ INFO] main (Log.java) - Successfully selected the search criteria : Books
2018/04/04 21:54:39.818 [ INFO] main (Log.java) - Successfully cleared the texts in the Element : 
2018/04/04 21:54:40.248 [ INFO] main (Log.java) - Successfully cleared the entered in the Element : 
2018/04/04 21:54:40.294 [ INFO] main (Log.java) - Successfully Clicked the Button Element : 
2018/04/04 21:54:44.534 [ INFO] main (Log.java) - **********************  B O O K  I N F O R M A T I O N   **************************
2018/04/04 21:54:44.603 [ INFO] main (Log.java) -  TITLE OF THE FIRST BOOK : Catalog It!: A Guide to Cataloging School Library Materials, 3rd Edition
2018/04/04 21:54:44.659 [ INFO] main (Log.java) -  NAME OF THE BOOK'S AUTHOR: Allison G. Kaplan
2018/04/04 21:54:44.720 [ INFO] main (Log.java) -  TYPE OF BOOK'S EDITION: Paperback
2018/04/04 21:54:44.769 [ INFO] main (Log.java) -  BOOK'S BUY PRICE: $ 60 00
2018/04/04 21:54:44.829 [ INFO] main (Log.java) -  BOOK'S RENT PRICE: $ 24 01
2018/04/04 21:54:44.897 [ INFO] main (Log.java) -  BOOK'S KINDLE EDITION PRICE: $ 60 00
2018/04/04 21:54:44.897 [ INFO] main (Log.java) - **********************  END OF BOOK  INFORMATION   ********************************
2018/04/04 22:06:03.395 [ INFO] main (Log.java) - Webdriver path: /Users/rajag/Projects/Amazon/com.alation.amazon/src/main/resources/Drivers/
2018/04/04 22:06:06.401 [ INFO] main (Browser.java) - Starting Chrome browser... 
2018/04/04 22:06:16.651 [ INFO] main (Log.java) - Navigated Successfully to the URL : https://www.amazon.com/
2018/04/04 22:06:17.802 [ INFO] main (Log.java) - Successfully selected the search criteria : Books
2018/04/04 22:06:18.076 [ INFO] main (Log.java) - Successfully cleared the texts in the Element : 
2018/04/04 22:06:18.373 [ INFO] main (Log.java) - Successfully cleared the entered in the Element : 
2018/04/04 22:06:18.424 [ INFO] main (Log.java) - Successfully Clicked the Button Element : 
2018/04/04 22:06:22.424 [ INFO] main (Log.java) - **********************  B O O K  I N F O R M A T I O N   **************************
2018/04/04 22:06:22.493 [ INFO] main (Log.java) -  TITLE OF THE FIRST BOOK : Catalog It!: A Guide to Cataloging School Library Materials, 3rd Edition
2018/04/04 22:06:22.576 [ INFO] main (Log.java) -  NAME OF THE BOOK'S AUTHOR: Allison G. Kaplan
2018/04/04 22:06:22.639 [ INFO] main (Log.java) -  TYPE OF BOOK'S EDITION: Paperback
2018/04/04 22:06:22.701 [ INFO] main (Log.java) -  BOOK'S BUY PRICE: $ 60 00
2018/04/04 22:06:22.780 [ INFO] main (Log.java) -  BOOK'S RENT PRICE: $ 24 01
2018/04/04 22:06:22.860 [ INFO] main (Log.java) -  BOOK'S KINDLE EDITION PRICE: $ 60 00
2018/04/04 22:06:22.860 [ INFO] main (Log.java) - **********************  END OF BOOK  INFORMATION   ********************************
2018/04/04 22:06:22.864 [ INFO] main (Log.java) - End of Test case Execution
2018/04/04 22:06:23.723 [ INFO] main (Log.java) - Start of Test caseLogin and verification of Data catalog books in Books Category
2018/04/04 22:06:28.340 [ INFO] main (Log.java) - Navigated Successfully to the URL : https://www.amazon.com/
2018/04/04 22:06:30.810 [ INFO] main (Log.java) - Navigated Successfully to the URL : https://www.amazon.com/
2018/04/04 22:06:30.918 [ INFO] main (Log.java) - Successfully Clicked the Button Element : Hello. Sign in
2018/04/04 22:06:33.038 [ INFO] main (Log.java) - Page Title is : Amazon Sign In
2018/04/04 22:06:33.315 [ INFO] main (Log.java) - Successfully cleared the texts in the Element : 
2018/04/04 22:06:33.616 [ INFO] main (Log.java) - Successfully cleared the entered in the Element : 
2018/04/04 22:06:33.660 [ INFO] main (Log.java) - Successfully Clicked the Button Element : Continue
2018/04/04 22:06:35.720 [ INFO] main (Log.java) - Successfully cleared the texts in the Element : 
2018/04/04 22:06:35.922 [ INFO] main (Log.java) - Successfully cleared the entered in the Element : 
2018/04/04 22:06:35.966 [ INFO] main (Log.java) - Successfully Clicked the Button Element : Sign in
2018/04/04 22:06:41.824 [ INFO] main (Log.java) - Successfully selected the search criteria : Books
2018/04/04 22:06:42.353 [ INFO] main (Log.java) - Successfully cleared the texts in the Element : 
2018/04/04 22:06:42.849 [ INFO] main (Log.java) - Successfully cleared the entered in the Element : 
2018/04/04 22:06:42.901 [ INFO] main (Log.java) - Successfully Clicked the Button Element : 
2018/04/04 22:06:46.285 [ INFO] main (Log.java) - **********************  B O O K  I N F O R M A T I O N   **************************
2018/04/04 22:06:46.351 [ INFO] main (Log.java) -  TITLE OF THE FIRST BOOK : Catalog It!: A Guide to Cataloging School Library Materials, 3rd Edition
2018/04/04 22:06:46.403 [ INFO] main (Log.java) -  NAME OF THE BOOK'S AUTHOR: Allison G. Kaplan
2018/04/04 22:06:46.460 [ INFO] main (Log.java) -  TYPE OF BOOK'S EDITION: Paperback
2018/04/04 22:06:46.511 [ INFO] main (Log.java) -  BOOK'S BUY PRICE: $ 60 00
2018/04/04 22:06:46.566 [ INFO] main (Log.java) -  BOOK'S RENT PRICE: $ 24 01
2018/04/04 22:06:46.642 [ INFO] main (Log.java) -  BOOK'S KINDLE EDITION PRICE: $ 60 00
2018/04/04 22:06:46.643 [ INFO] main (Log.java) - **********************  END OF BOOK  INFORMATION   ********************************
2018/04/04 22:09:30.725 [ INFO] main (Log.java) - Webdriver path: /Users/rajag/Projects/Amazon/com.alation.amazon/src/main/resources/Drivers/
2018/04/04 22:09:32.538 [ INFO] main (Browser.java) - Starting Chrome browser... 
2018/04/04 22:09:42.070 [ INFO] main (Log.java) - Navigated Successfully to the URL : https://www.amazon.com/
2018/04/04 22:09:42.918 [ INFO] main (Log.java) - Successfully selected the search criteria : Books
2018/04/04 22:09:43.328 [ INFO] main (Log.java) - Successfully cleared the texts in the Element : 
2018/04/04 22:09:44.792 [ INFO] main (Log.java) - Successfully cleared the entered in the Element : 
2018/04/04 22:09:45.305 [ INFO] main (Log.java) - Successfully Clicked the Button Element : 
2018/04/04 22:09:49.138 [ INFO] main (Log.java) - **********************  B O O K  I N F O R M A T I O N   **************************
2018/04/04 22:09:49.188 [ INFO] main (Log.java) -  TITLE OF THE FIRST BOOK : Catalog It!: A Guide to Cataloging School Library Materials, 3rd Edition
2018/04/04 22:09:49.248 [ INFO] main (Log.java) -  NAME OF THE BOOK'S AUTHOR: Allison G. Kaplan
2018/04/04 22:09:49.324 [ INFO] main (Log.java) -  TYPE OF BOOK'S EDITION: Paperback
2018/04/04 22:09:49.387 [ INFO] main (Log.java) -  BOOK'S BUY PRICE: $ 60 00
2018/04/04 22:09:49.447 [ INFO] main (Log.java) -  BOOK'S RENT PRICE: $ 24 01
2018/04/04 22:09:49.510 [ INFO] main (Log.java) -  BOOK'S KINDLE EDITION PRICE: $ 60 00
2018/04/04 22:09:49.510 [ INFO] main (Log.java) - **********************  END OF BOOK  INFORMATION   ********************************
2018/04/04 22:09:49.513 [ INFO] main (Log.java) - End of Test case Execution
2018/04/04 22:09:50.066 [ INFO] main (Log.java) - Start of Test caseLogin and verification of Data catalog books in Books Category
2018/04/04 22:09:53.589 [ INFO] main (Log.java) - Navigated Successfully to the URL : https://www.amazon.com/
2018/04/04 22:09:55.512 [ INFO] main (Log.java) - Navigated Successfully to the URL : https://www.amazon.com/
2018/04/04 22:09:55.571 [ INFO] main (Log.java) - Successfully Clicked the Button Element : Hello. Sign in
2018/04/04 22:09:56.529 [ INFO] main (Log.java) - Page Title is : Amazon Sign In
2018/04/04 22:09:56.760 [ INFO] main (Log.java) - Successfully cleared the texts in the Element : 
2018/04/04 22:09:57.009 [ INFO] main (Log.java) - Successfully cleared the entered in the Element : 
2018/04/04 22:09:57.045 [ INFO] main (Log.java) - Successfully Clicked the Button Element : Continue
2018/04/04 22:09:58.146 [ INFO] main (Log.java) - Successfully cleared the texts in the Element : 
2018/04/04 22:09:58.339 [ INFO] main (Log.java) - Successfully cleared the entered in the Element : 
2018/04/04 22:09:58.378 [ INFO] main (Log.java) - Successfully Clicked the Button Element : Sign in
2018/04/04 22:10:02.990 [ INFO] main (Log.java) - Successfully selected the search criteria : Books
2018/04/04 22:10:03.244 [ INFO] main (Log.java) - Successfully cleared the texts in the Element : 
2018/04/04 22:10:03.438 [ INFO] main (Log.java) - Successfully cleared the entered in the Element : 
2018/04/04 22:10:03.483 [ INFO] main (Log.java) - Successfully Clicked the Button Element : 
2018/04/04 22:10:06.326 [ INFO] main (Log.java) - **********************  B O O K  I N F O R M A T I O N   **************************
2018/04/04 22:10:06.381 [ INFO] main (Log.java) -  TITLE OF THE FIRST BOOK : Catalog It!: A Guide to Cataloging School Library Materials, 3rd Edition
2018/04/04 22:10:06.431 [ INFO] main (Log.java) -  NAME OF THE BOOK'S AUTHOR: Allison G. Kaplan
2018/04/04 22:10:06.482 [ INFO] main (Log.java) -  TYPE OF BOOK'S EDITION: Paperback
2018/04/04 22:10:06.526 [ INFO] main (Log.java) -  BOOK'S BUY PRICE: $ 60 00
2018/04/04 22:10:06.574 [ INFO] main (Log.java) -  BOOK'S RENT PRICE: $ 24 01
2018/04/04 22:10:06.626 [ INFO] main (Log.java) -  BOOK'S KINDLE EDITION PRICE: $ 60 00
2018/04/04 22:10:06.626 [ INFO] main (Log.java) - **********************  END OF BOOK  INFORMATION   ********************************
2018/04/05 01:03:57.592 [ INFO] main (Log.java) - Webdriver path: /Users/rajag/Projects/Amazon/com.alation.amazon/src/main/resources/Drivers/
2018/04/05 01:04:13.186 [ INFO] main (Browser.java) - Starting Firefox browser... 
2018/04/05 01:04:23.815 [ INFO] main (Log.java) - Navigated Successfully to the URL : https://www.amazon.com/
2018/04/05 01:04:23.830 [ INFO] main (Log.java) - Current URL is : https://www.amazon.com/
2018/04/05 01:04:23.839 [ INFO] main (Log.java) - Successfully Navigated to the Home Page
2018/04/05 01:04:25.469 [ INFO] main (Log.java) - Start of Test caseLogin and verification of Data catalog books in Books Category
2018/04/05 01:04:29.421 [ INFO] main (Log.java) - Navigated Successfully to the URL : https://www.amazon.com/
2018/04/05 01:04:29.438 [ INFO] main (Log.java) - Current URL is : https://www.amazon.com/
2018/04/05 01:04:29.448 [ INFO] main (Log.java) - Successfully Navigated to the Home Page
2018/04/05 01:04:32.662 [ INFO] main (Log.java) - Navigated Successfully to the URL : https://www.amazon.com/
2018/04/05 01:04:32.726 [ INFO] main (Log.java) - Successfully Clicked the Button Element : Hello. Sign in
2018/04/05 01:04:33.824 [ INFO] main (Log.java) - Page Title is : Amazon Sign In
2018/04/05 01:04:33.836 [ INFO] main (Log.java) - Successfully Navigated to the Login Page
2018/04/05 01:04:34.020 [ INFO] main (Log.java) - Successfully cleared the texts in the Element : 
2018/04/05 01:04:34.184 [ INFO] main (Log.java) - Successfully cleared the entered in the Element : 
2018/04/05 01:04:34.211 [ INFO] main (Log.java) - Successfully Clicked the Button Element : Continue
2018/04/05 01:04:35.602 [ INFO] main (Log.java) - Successfully cleared the texts in the Element : 
2018/04/05 01:04:35.676 [ INFO] main (Log.java) - Successfully cleared the entered in the Element : 
2018/04/05 01:04:35.700 [ INFO] main (Log.java) - Successfully Clicked the Button Element : Sign in
2018/04/05 01:05:49.527 [ INFO] main (Log.java) - Webdriver path: /Users/rajag/Projects/Amazon/com.alation.amazon/src/main/resources/Drivers/
2018/04/05 01:06:03.602 [ INFO] main (Browser.java) - Starting Firefox browser... 
2018/04/05 01:06:13.929 [ INFO] main (Log.java) - Navigated Successfully to the URL : https://www.amazon.com/
2018/04/05 01:06:13.941 [ INFO] main (Log.java) - Current URL is : https://www.amazon.com/
2018/04/05 01:06:13.948 [ INFO] main (Log.java) - Successfully Navigated to the Home Page
2018/04/05 01:06:15.010 [ INFO] main (Log.java) - Successfully selected the search criteria : Books
2018/04/05 01:06:16.134 [ INFO] main (Log.java) - Successfully cleared the texts in the Element : 
2018/04/05 01:06:16.683 [ INFO] main (Log.java) - Successfully cleared the entered in the Element : 
2018/04/05 01:06:16.999 [ INFO] main (Log.java) - Successfully Clicked the Button Element : 
2018/04/05 01:06:21.757 [ INFO] main (Log.java) - **********************  B O O K  I N F O R M A T I O N   **************************
2018/04/05 01:06:21.812 [ INFO] main (Log.java) -  TITLE OF THE FIRST BOOK : Catalog It!: A Guide to Cataloging School Library Materials, 3rd Edition
2018/04/05 01:06:21.874 [ INFO] main (Log.java) -  NAME OF THE BOOK'S AUTHOR: Allison G. Kaplan
2018/04/05 01:06:21.934 [ INFO] main (Log.java) -  TYPE OF BOOK'S EDITION: Paperback
2018/04/05 01:06:22.009 [ INFO] main (Log.java) -  BOOK'S BUY PRICE: $ 60 00
2018/04/05 01:06:22.092 [ INFO] main (Log.java) -  BOOK'S RENT PRICE: $ 24 01
2018/04/05 01:06:22.162 [ INFO] main (Log.java) -  BOOK'S KINDLE EDITION PRICE: $ 60 00
2018/04/05 01:06:22.164 [ INFO] main (Log.java) - **********************  END OF BOOK  INFORMATION   ********************************
2018/04/05 01:06:22.165 [ INFO] main (Log.java) - End of Test case Execution
2018/04/05 01:06:22.830 [ INFO] main (Log.java) - Start of Test caseLogin and verification of Data catalog books in Books Category
2018/04/05 01:06:28.043 [ INFO] main (Log.java) - Navigated Successfully to the URL : https://www.amazon.com/
2018/04/05 01:06:28.056 [ INFO] main (Log.java) - Current URL is : https://www.amazon.com/
2018/04/05 01:06:28.066 [ INFO] main (Log.java) - Successfully Navigated to the Home Page
2018/04/05 01:06:33.633 [ INFO] main (Log.java) - Navigated Successfully to the URL : https://www.amazon.com/
2018/04/05 01:06:33.862 [ INFO] main (Log.java) - Successfully Clicked the Button Element : Hello. Sign in
2018/04/05 01:06:35.074 [ INFO] main (Log.java) - Page Title is : Amazon Sign In
2018/04/05 01:06:35.086 [ INFO] main (Log.java) - Successfully Navigated to the Login Page
2018/04/05 01:06:35.300 [ INFO] main (Log.java) - Successfully cleared the texts in the Element : 
2018/04/05 01:06:35.453 [ INFO] main (Log.java) - Successfully cleared the entered in the Element : 
2018/04/05 01:06:35.471 [ INFO] main (Log.java) - Successfully Clicked the Button Element : Continue
2018/04/05 01:06:37.228 [ INFO] main (Log.java) - Successfully cleared the texts in the Element : 
2018/04/05 01:06:37.325 [ INFO] main (Log.java) - Successfully cleared the entered in the Element : 
2018/04/05 01:06:37.374 [ INFO] main (Log.java) - Successfully Clicked the Button Element : Sign in
2018/04/05 01:08:49.134 [ INFO] main (Log.java) - Webdriver path: /Users/rajag/Projects/Amazon/com.alation.amazon/src/main/resources/Drivers/
2018/04/05 01:09:01.773 [ INFO] main (Browser.java) - Starting Firefox browser... 
2018/04/05 01:09:14.906 [ INFO] main (Log.java) - Navigated Successfully to the URL : https://www.amazon.com/
2018/04/05 01:09:14.918 [ INFO] main (Log.java) - Current URL is : https://www.amazon.com/
2018/04/05 01:09:14.926 [ INFO] main (Log.java) - Successfully Navigated to the Home Page
2018/04/05 01:09:16.224 [ INFO] main (Log.java) - Successfully selected the search criteria : Books
2018/04/05 01:09:16.481 [ INFO] main (Log.java) - Successfully cleared the texts in the Element : 
2018/04/05 01:09:16.640 [ INFO] main (Log.java) - Successfully cleared the entered in the Element : 
2018/04/05 01:09:16.736 [ INFO] main (Log.java) - Successfully Clicked the Button Element : 
2018/04/05 01:09:20.331 [ INFO] main (Log.java) - **********************  B O O K  I N F O R M A T I O N   **************************
2018/04/05 01:09:20.400 [ INFO] main (Log.java) -  TITLE OF THE FIRST BOOK : Catalog It!: A Guide to Cataloging School Library Materials, 3rd Edition
2018/04/05 01:09:20.455 [ INFO] main (Log.java) -  NAME OF THE BOOK'S AUTHOR: Allison G. Kaplan
2018/04/05 01:09:20.537 [ INFO] main (Log.java) -  TYPE OF BOOK'S EDITION: Paperback
2018/04/05 01:09:20.595 [ INFO] main (Log.java) -  BOOK'S BUY PRICE: $ 60 00
2018/04/05 01:09:20.664 [ INFO] main (Log.java) -  BOOK'S RENT PRICE: $ 24 01
2018/04/05 01:09:20.737 [ INFO] main (Log.java) -  BOOK'S KINDLE EDITION PRICE: $ 60 00
2018/04/05 01:09:20.740 [ INFO] main (Log.java) - **********************  END OF BOOK  INFORMATION   ********************************
2018/04/05 01:09:20.740 [ INFO] main (Log.java) - End of Test case Execution
2018/04/05 01:09:21.136 [ INFO] main (Log.java) - Start of Test caseLogin and verification of Data catalog books in Books Category
2018/04/05 01:09:27.044 [ INFO] main (Log.java) - Navigated Successfully to the URL : https://www.amazon.com/
2018/04/05 01:09:27.056 [ INFO] main (Log.java) - Current URL is : https://www.amazon.com/
2018/04/05 01:09:27.070 [ INFO] main (Log.java) - Successfully Navigated to the Home Page
2018/04/05 01:09:30.511 [ INFO] main (Log.java) - Navigated Successfully to the URL : https://www.amazon.com/
2018/04/05 01:09:30.644 [ INFO] main (Log.java) - Successfully Clicked the Button Element : Hello. Sign in
2018/04/05 01:09:32.186 [ INFO] main (Log.java) - Page Title is : Amazon Sign In
2018/04/05 01:09:32.193 [ INFO] main (Log.java) - Successfully Navigated to the Login Page
2018/04/05 01:09:32.360 [ INFO] main (Log.java) - Successfully cleared the texts in the Element : 
2018/04/05 01:09:32.499 [ INFO] main (Log.java) - Successfully cleared the entered in the Element : 
2018/04/05 01:09:32.525 [ INFO] main (Log.java) - Successfully Clicked the Button Element : Continue
2018/04/05 01:09:33.868 [ INFO] main (Log.java) - Successfully cleared the texts in the Element : 
2018/04/05 01:09:33.952 [ INFO] main (Log.java) - Successfully cleared the entered in the Element : 
2018/04/05 01:09:33.980 [ INFO] main (Log.java) - Successfully Clicked the Button Element : Sign in
2018/04/05 01:11:02.360 [ INFO] main (Log.java) - Webdriver path: /Users/rajag/Projects/Amazon/com.alation.amazon/src/main/resources/Drivers/
2018/04/05 01:11:17.167 [ INFO] main (Browser.java) - Starting Firefox browser... 
2018/04/05 01:11:27.893 [ INFO] main (Log.java) - Navigated Successfully to the URL : https://www.amazon.com/
2018/04/05 01:11:27.909 [ INFO] main (Log.java) - Current URL is : https://www.amazon.com/
2018/04/05 01:11:27.925 [ INFO] main (Log.java) - Successfully Navigated to the Home Page
2018/04/05 01:11:29.801 [ INFO] main (Log.java) - Successfully selected the search criteria : Books
2018/04/05 01:11:31.137 [ INFO] main (Log.java) - Successfully cleared the texts in the Element : 
2018/04/05 01:11:31.323 [ INFO] main (Log.java) - Successfully cleared the entered in the Element : 
2018/04/05 01:11:31.413 [ INFO] main (Log.java) - Successfully Clicked the Button Element : 
2018/04/05 01:11:37.824 [ INFO] main (Log.java) - **********************  B O O K  I N F O R M A T I O N   **************************
2018/04/05 01:11:37.931 [ INFO] main (Log.java) -  TITLE OF THE FIRST BOOK : Catalog It!: A Guide to Cataloging School Library Materials, 3rd Edition
2018/04/05 01:11:38.023 [ INFO] main (Log.java) -  NAME OF THE BOOK'S AUTHOR: Allison G. Kaplan
2018/04/05 01:11:38.155 [ INFO] main (Log.java) -  TYPE OF BOOK'S EDITION: Paperback
2018/04/05 01:11:38.243 [ INFO] main (Log.java) -  BOOK'S BUY PRICE: $ 60 00
2018/04/05 01:11:38.313 [ INFO] main (Log.java) -  BOOK'S RENT PRICE: $ 24 01
2018/04/05 01:11:38.382 [ INFO] main (Log.java) -  BOOK'S KINDLE EDITION PRICE: $ 60 00
2018/04/05 01:11:38.384 [ INFO] main (Log.java) - **********************  END OF BOOK  INFORMATION   ********************************
2018/04/05 01:11:38.385 [ INFO] main (Log.java) - End of Test case Execution
2018/04/05 01:11:39.111 [ INFO] main (Log.java) - Start of Test caseLogin and verification of Data catalog books in Books Category
2018/04/05 01:11:42.215 [ INFO] main (Log.java) - Navigated Successfully to the URL : https://www.amazon.com/
2018/04/05 01:11:42.239 [ INFO] main (Log.java) - Current URL is : https://www.amazon.com/
2018/04/05 01:11:42.255 [ INFO] main (Log.java) - Successfully Navigated to the Home Page
2018/04/05 01:11:47.100 [ INFO] main (Log.java) - Navigated Successfully to the URL : https://www.amazon.com/
2018/04/05 01:11:47.269 [ INFO] main (Log.java) - Successfully Clicked the Button Element : Hello. Sign in
2018/04/05 01:11:48.636 [ INFO] main (Log.java) - Page Title is : Amazon Sign In
2018/04/05 01:11:48.650 [ INFO] main (Log.java) - Successfully Navigated to the Login Page
2018/04/05 01:11:48.883 [ INFO] main (Log.java) - Successfully cleared the texts in the Element : 
2018/04/05 01:11:49.037 [ INFO] main (Log.java) - Successfully cleared the entered in the Element : 
2018/04/05 01:11:49.063 [ INFO] main (Log.java) - Successfully Clicked the Button Element : Continue
2018/04/05 01:11:50.482 [ INFO] main (Log.java) - Successfully cleared the texts in the Element : 
2018/04/05 01:11:50.571 [ INFO] main (Log.java) - Successfully cleared the entered in the Element : 
2018/04/05 01:11:50.597 [ INFO] main (Log.java) - Successfully Clicked the Button Element : Sign in
2018/04/05 01:11:55.955 [ INFO] main (Log.java) - Successfully selected the search criteria : Books
2018/04/05 01:11:56.071 [ INFO] main (Log.java) - Successfully cleared the texts in the Element : 
2018/04/05 01:11:56.145 [ INFO] main (Log.java) - Successfully cleared the entered in the Element : 
2018/04/05 01:11:56.168 [ INFO] main (Log.java) - Successfully Clicked the Button Element : 
2018/04/05 01:12:00.536 [ INFO] main (Log.java) - **********************  B O O K  I N F O R M A T I O N   **************************
2018/04/05 01:12:00.594 [ INFO] main (Log.java) -  TITLE OF THE FIRST BOOK : Catalog It!: A Guide to Cataloging School Library Materials, 3rd Edition
2018/04/05 01:12:00.667 [ INFO] main (Log.java) -  NAME OF THE BOOK'S AUTHOR: Allison G. Kaplan
2018/04/05 01:12:00.723 [ INFO] main (Log.java) -  TYPE OF BOOK'S EDITION: Paperback
2018/04/05 01:12:00.774 [ INFO] main (Log.java) -  BOOK'S BUY PRICE: $ 60 00
2018/04/05 01:12:00.825 [ INFO] main (Log.java) -  BOOK'S RENT PRICE: $ 24 01
2018/04/05 01:12:00.887 [ INFO] main (Log.java) -  BOOK'S KINDLE EDITION PRICE: $ 60 00
2018/04/05 01:12:00.888 [ INFO] main (Log.java) - **********************  END OF BOOK  INFORMATION   ********************************
2018/04/05 01:12:55.932 [ INFO] main (Log.java) - Webdriver path: /Users/rajag/Projects/Amazon/com.alation.amazon/src/main/resources/Drivers/
2018/04/05 01:13:09.235 [ INFO] main (Browser.java) - Starting Firefox browser... 
2018/04/05 01:13:19.662 [ INFO] main (Log.java) - Navigated Successfully to the URL : https://www.amazon.com/
2018/04/05 01:13:19.678 [ INFO] main (Log.java) - Current URL is : https://www.amazon.com/
2018/04/05 01:13:19.691 [ INFO] main (Log.java) - Successfully Navigated to the Home Page
2018/04/05 01:13:20.726 [ INFO] main (Log.java) - Successfully selected the search criteria : Books
2018/04/05 01:13:22.438 [ INFO] main (Log.java) - Successfully cleared the texts in the Element : 
2018/04/05 01:13:22.589 [ INFO] main (Log.java) - Successfully cleared the entered in the Element : 
2018/04/05 01:13:22.675 [ INFO] main (Log.java) - Successfully Clicked the Button Element : 
2018/04/05 01:13:26.829 [ INFO] main (Log.java) - **********************  B O O K  I N F O R M A T I O N   **************************
2018/04/05 01:13:26.880 [ INFO] main (Log.java) -  TITLE OF THE FIRST BOOK : Catalog It!: A Guide to Cataloging School Library Materials, 3rd Edition
2018/04/05 01:13:26.928 [ INFO] main (Log.java) -  NAME OF THE BOOK'S AUTHOR: Allison G. Kaplan
2018/04/05 01:13:26.981 [ INFO] main (Log.java) -  TYPE OF BOOK'S EDITION: Paperback
2018/04/05 01:13:27.033 [ INFO] main (Log.java) -  BOOK'S BUY PRICE: $ 60 00
2018/04/05 01:13:27.101 [ INFO] main (Log.java) -  BOOK'S RENT PRICE: $ 24 01
2018/04/05 01:13:27.167 [ INFO] main (Log.java) -  BOOK'S KINDLE EDITION PRICE: $ 60 00
2018/04/05 01:13:27.169 [ INFO] main (Log.java) - **********************  END OF BOOK  INFORMATION   ********************************
2018/04/05 01:13:27.169 [ INFO] main (Log.java) - End of Test case Execution
2018/04/05 01:13:28.003 [ INFO] main (Log.java) - Start of Test caseLogin and verification of Data catalog books in Books Category
2018/04/05 01:13:33.316 [ INFO] main (Log.java) - Navigated Successfully to the URL : https://www.amazon.com/
2018/04/05 01:13:33.328 [ INFO] main (Log.java) - Current URL is : https://www.amazon.com/
2018/04/05 01:13:33.337 [ INFO] main (Log.java) - Successfully Navigated to the Home Page
2018/04/05 01:13:37.252 [ INFO] main (Log.java) - Navigated Successfully to the URL : https://www.amazon.com/
2018/04/05 01:13:37.316 [ INFO] main (Log.java) - Successfully Clicked the Button Element : Hello. Sign in
2018/04/05 01:13:38.860 [ INFO] main (Log.java) - Page Title is : Amazon Sign In
2018/04/05 01:13:38.870 [ INFO] main (Log.java) - Successfully Navigated to the Login Page
2018/04/05 01:13:39.010 [ INFO] main (Log.java) - Successfully cleared the texts in the Element : 
2018/04/05 01:13:39.156 [ INFO] main (Log.java) - Successfully cleared the entered in the Element : 
2018/04/05 01:13:39.181 [ INFO] main (Log.java) - Successfully Clicked the Button Element : Continue
2018/04/05 01:13:40.427 [ INFO] main (Log.java) - Successfully cleared the texts in the Element : 
2018/04/05 01:13:40.508 [ INFO] main (Log.java) - Successfully cleared the entered in the Element : 
2018/04/05 01:13:40.530 [ INFO] main (Log.java) - Successfully Clicked the Button Element : Sign in
2018/04/05 01:13:47.009 [ INFO] main (Log.java) - Successfully selected the search criteria : Books
2018/04/05 01:13:47.108 [ INFO] main (Log.java) - Successfully cleared the texts in the Element : 
2018/04/05 01:13:47.181 [ INFO] main (Log.java) - Successfully cleared the entered in the Element : 
2018/04/05 01:13:47.204 [ INFO] main (Log.java) - Successfully Clicked the Button Element : 
2018/04/05 01:13:50.974 [ INFO] main (Log.java) - **********************  B O O K  I N F O R M A T I O N   **************************
2018/04/05 01:13:51.023 [ INFO] main (Log.java) -  TITLE OF THE FIRST BOOK : Catalog It!: A Guide to Cataloging School Library Materials, 3rd Edition
2018/04/05 01:13:51.125 [ INFO] main (Log.java) -  NAME OF THE BOOK'S AUTHOR: Allison G. Kaplan
2018/04/05 01:13:51.195 [ INFO] main (Log.java) -  TYPE OF BOOK'S EDITION: Paperback
2018/04/05 01:13:51.251 [ INFO] main (Log.java) -  BOOK'S BUY PRICE: $ 60 00
2018/04/05 01:13:51.329 [ INFO] main (Log.java) -  BOOK'S RENT PRICE: $ 24 01
2018/04/05 01:13:51.419 [ INFO] main (Log.java) -  BOOK'S KINDLE EDITION PRICE: $ 60 00
2018/04/05 01:13:51.419 [ INFO] main (Log.java) - **********************  END OF BOOK  INFORMATION   ********************************
2018/04/05 01:26:36.307 [ INFO] main (Log.java) - Webdriver path: /Users/rajag/Projects/Amazon/com.alation.amazon/src/main/resources/Drivers/
2018/04/05 01:26:50.035 [ INFO] main (Browser.java) - Starting Firefox browser... 
2018/04/05 01:27:02.545 [ INFO] main (Log.java) - Navigated Successfully to the URL : https://www.amazon.com/
2018/04/05 01:27:02.562 [ INFO] main (Log.java) - Current URL is : https://www.amazon.com/
2018/04/05 01:27:02.586 [ INFO] main (Log.java) - Successfully Navigated to the Home Page
2018/04/05 01:27:04.293 [ INFO] main (Log.java) - Successfully selected the search criteria : Books
2018/04/05 01:27:04.678 [ INFO] main (Log.java) - Successfully cleared the texts in the Element : 
2018/04/05 01:27:04.757 [ INFO] main (Log.java) - Successfully cleared the entered in the Element : 
2018/04/05 01:27:04.797 [ INFO] main (Log.java) - Successfully Clicked the Button Element : 
2018/04/05 01:27:19.040 [ INFO] main (Log.java) - Start of Test caseLogin and verification of Data catalog books in Books Category
2018/04/05 01:27:24.391 [ INFO] main (Log.java) - Navigated Successfully to the URL : https://www.amazon.com/
2018/04/05 01:27:24.405 [ INFO] main (Log.java) - Current URL is : https://www.amazon.com/
2018/04/05 01:27:24.415 [ INFO] main (Log.java) - Successfully Navigated to the Home Page
2018/04/05 01:27:28.785 [ INFO] main (Log.java) - Navigated Successfully to the URL : https://www.amazon.com/
2018/04/05 01:27:28.958 [ INFO] main (Log.java) - Successfully Clicked the Button Element : Hello. Sign in
2018/04/05 01:27:30.727 [ INFO] main (Log.java) - Page Title is : Amazon Sign In
2018/04/05 01:27:30.740 [ INFO] main (Log.java) - Successfully Navigated to the Login Page
2018/04/05 01:27:30.949 [ INFO] main (Log.java) - Successfully cleared the texts in the Element : 
2018/04/05 01:27:31.101 [ INFO] main (Log.java) - Successfully cleared the entered in the Element : 
2018/04/05 01:27:31.120 [ INFO] main (Log.java) - Successfully Clicked the Button Element : Continue
2018/04/05 01:27:32.287 [ INFO] main (Log.java) - Successfully cleared the texts in the Element : 
2018/04/05 01:27:32.375 [ INFO] main (Log.java) - Successfully cleared the entered in the Element : 
2018/04/05 01:27:32.399 [ INFO] main (Log.java) - Successfully Clicked the Button Element : Sign in
2018/04/05 01:27:37.880 [ INFO] main (Log.java) - Successfully selected the search criteria : Books
2018/04/05 01:27:37.985 [ INFO] main (Log.java) - Successfully cleared the texts in the Element : 
2018/04/05 01:27:38.060 [ INFO] main (Log.java) - Successfully cleared the entered in the Element : 
2018/04/05 01:27:38.091 [ INFO] main (Log.java) - Successfully Clicked the Button Element : 
2018/04/05 01:27:42.463 [ INFO] main (Log.java) - **********************  B O O K  I N F O R M A T I O N   **************************
2018/04/05 01:27:42.510 [ INFO] main (Log.java) -  TITLE OF THE FIRST BOOK : Catalog It!: A Guide to Cataloging School Library Materials, 3rd Edition
2018/04/05 01:27:42.571 [ INFO] main (Log.java) -  NAME OF THE BOOK'S AUTHOR: Allison G. Kaplan
2018/04/05 01:27:42.628 [ INFO] main (Log.java) -  TYPE OF BOOK'S EDITION: Paperback
2018/04/05 01:27:42.705 [ INFO] main (Log.java) -  BOOK'S BUY PRICE: $ 60 00
2018/04/05 01:27:42.759 [ INFO] main (Log.java) -  BOOK'S RENT PRICE: $ 24 01
2018/04/05 01:27:42.839 [ INFO] main (Log.java) -  BOOK'S KINDLE EDITION PRICE: $ 60 00
2018/04/05 01:27:42.840 [ INFO] main (Log.java) - **********************  END OF BOOK  INFORMATION   ********************************
2018/04/05 01:30:12.787 [ INFO] main (Log.java) - Webdriver path: /Users/rajag/Projects/Amazon/com.alation.amazon/src/main/resources/Drivers/
2018/04/05 01:30:25.945 [ INFO] main (Browser.java) - Starting Firefox browser... 
2018/04/05 01:30:39.948 [ INFO] main (Log.java) - Navigated Successfully to the URL : https://www.amazon.com/
2018/04/05 01:30:39.972 [ INFO] main (Log.java) - Current URL is : https://www.amazon.com/
2018/04/05 01:30:40.187 [ INFO] main (Log.java) - Successfully Navigated to the Home Page
2018/04/05 01:30:41.384 [ INFO] main (Log.java) - Successfully selected the search criteria : Books
2018/04/05 01:30:41.872 [ INFO] main (Log.java) - Successfully cleared the texts in the Element : 
2018/04/05 01:30:41.978 [ INFO] main (Log.java) - Successfully cleared the entered in the Element : 
2018/04/05 01:30:42.018 [ INFO] main (Log.java) - Successfully Clicked the Button Element : 
2018/04/05 01:30:56.970 [ INFO] main (Log.java) - Start of Test caseLogin and verification of Data catalog books in Books Category
2018/04/05 01:31:01.633 [ INFO] main (Log.java) - Navigated Successfully to the URL : https://www.amazon.com/
2018/04/05 01:31:01.643 [ INFO] main (Log.java) - Current URL is : https://www.amazon.com/
2018/04/05 01:31:01.652 [ INFO] main (Log.java) - Successfully Navigated to the Home Page
2018/04/05 01:31:07.103 [ INFO] main (Log.java) - Navigated Successfully to the URL : https://www.amazon.com/
2018/04/05 01:31:07.258 [ INFO] main (Log.java) - Successfully Clicked the Button Element : Hello. Sign in
2018/04/05 01:31:08.304 [ INFO] main (Log.java) - Page Title is : Amazon Sign In
2018/04/05 01:31:08.314 [ INFO] main (Log.java) - Successfully Navigated to the Login Page
2018/04/05 01:31:08.521 [ INFO] main (Log.java) - Successfully cleared the texts in the Element : 
2018/04/05 01:31:08.678 [ INFO] main (Log.java) - Successfully cleared the entered in the Element : 
2018/04/05 01:31:08.711 [ INFO] main (Log.java) - Successfully Clicked the Button Element : Continue
2018/04/05 01:31:10.002 [ INFO] main (Log.java) - Successfully cleared the texts in the Element : 
2018/04/05 01:31:10.094 [ INFO] main (Log.java) - Successfully cleared the entered in the Element : 
2018/04/05 01:31:10.118 [ INFO] main (Log.java) - Successfully Clicked the Button Element : Sign in
2018/04/05 01:31:15.691 [ INFO] main (Log.java) - Successfully selected the search criteria : Books
2018/04/05 01:31:15.821 [ INFO] main (Log.java) - Successfully cleared the texts in the Element : 
2018/04/05 01:31:15.899 [ INFO] main (Log.java) - Successfully cleared the entered in the Element : 
2018/04/05 01:31:15.921 [ INFO] main (Log.java) - Successfully Clicked the Button Element : 
2018/04/05 01:31:20.068 [ INFO] main (Log.java) - **********************  B O O K  I N F O R M A T I O N   **************************
2018/04/05 01:31:20.133 [ INFO] main (Log.java) -  TITLE OF THE FIRST BOOK : Catalog It!: A Guide to Cataloging School Library Materials, 3rd Edition
2018/04/05 01:31:20.182 [ INFO] main (Log.java) -  NAME OF THE BOOK'S AUTHOR: Allison G. Kaplan
2018/04/05 01:31:20.236 [ INFO] main (Log.java) -  TYPE OF BOOK'S EDITION: Paperback
2018/04/05 01:31:20.293 [ INFO] main (Log.java) -  BOOK'S BUY PRICE: $ 60 00
2018/04/05 01:31:20.347 [ INFO] main (Log.java) -  BOOK'S RENT PRICE: $ 24 01
2018/04/05 01:31:20.419 [ INFO] main (Log.java) -  BOOK'S KINDLE EDITION PRICE: $ 60 00
2018/04/05 01:31:20.419 [ INFO] main (Log.java) - **********************  END OF BOOK  INFORMATION   ********************************
